

Microchip Technology PIC18 LITE Macro Assembler V1.44 build -154322312 
                                                                                               Tue Oct 29 11:26:25 2019

Microchip Technology Omniscient Code Generator v1.44 (Free mode) build 201709140600
     1                           	processor	18F45K22
     2                           	fnconf	rparam,??,?,0
     3                           	opt	pw 120
     4                           	opt	lm
     5                           	psect	cinit,global,reloc=2,class=CODE,delta=1
     6                           	psect	cstackCOMRAM,global,class=COMRAM,space=1,delta=1,noexec
     7                           	psect	text0,global,reloc=2,class=CODE,delta=1
     8                           	psect	text1,global,reloc=2,class=CODE,delta=1
     9                           	psect	text2,global,reloc=2,class=CODE,delta=1
    10                           	psect	text3,global,reloc=2,class=CODE,delta=1
    11                           	psect	intsave_regs,global,class=BIGRAM,space=1,delta=1,noexec
    12                           	psect	rparam,global,class=COMRAM,space=1,delta=1,noexec
    13  0000                     
    14                           ; Version 1.44
    15                           ; Generated 14/09/2017 GMT
    16                           ; 
    17                           ; Copyright © 2017, Microchip Technology Inc. and its subsidiaries ("Microchip")
    18                           ; All rights reserved.
    19                           ; 
    20                           ; This software is developed by Microchip Technology Inc. and its subsidiaries ("Microch
      +                          ip").
    21                           ; 
    22                           ; Redistribution and use in source and binary forms, with or without modification, are
    23                           ; permitted provided that the following conditions are met:
    24                           ; 
    25                           ;     1. Redistributions of source code must retain the above copyright notice, this lis
      +                          t of
    26                           ;        conditions and the following disclaimer.
    27                           ; 
    28                           ;     2. Redistributions in binary form must reproduce the above copyright notice, this 
      +                          list
    29                           ;        of conditions and the following disclaimer in the documentation and/or other
    30                           ;        materials provided with the distribution.
    31                           ; 
    32                           ;     3. Microchip's name may not be used to endorse or promote products derived from th
      +                          is
    33                           ;        software without specific prior written permission.
    34                           ; 
    35                           ; THIS SOFTWARE IS PROVIDED BY MICROCHIP "AS IS" AND ANY EXPRESS OR IMPLIED WARRANTIES,
    36                           ; INCLUDING, BUT NOT LIMITED TO, THE IMPLIED WARRANTIES OF MERCHANTABILITY AND FITNESS F
      +                          OR
    37                           ; PURPOSE ARE DISCLAIMED.  IN NO EVENT SHALL MICROCHIP BE LIABLE FOR ANY DIRECT, INDIREC
      +                          T,
    38                           ; INCIDENTAL, SPECIAL, EXEMPLARY, OR CONSEQUENTIAL DAMAGES (INCLUDING BUT NOT LIMITED TO
    39                           ; PROCUREMENT OF SUBSTITUTE GOODS OR SERVICES; LOSS OF USE, DATA OR PROFITS; OR BUSINESS
    40                           ; INTERRUPTION) HOWSOEVER CAUSED AND ON ANY THEORY OF LIABILITY, WHETHER IN CONTRACT, ST
      +                          RICT
    41                           ; LIABILITY, OR TORT (INCLUDING NEGLIGENCE OR OTHERWISE) ARISING IN ANY WAY OUT OF THE U
      +                          SE OF
    42                           ; THIS SOFTWARE, EVEN IF ADVISED OF THE POSSIBILITY OF SUCH DAMAGE.
    43                           ; 
    44                           ; 
    45                           ; Code-generator required, PIC18F45K22 Definitions
    46                           ; 
    47                           ; SFR Addresses
    48  0000                     _ANSELA	set	3896
    49  0000                     _ANSELE	set	3900
    50  0000                     _ANSELB	set	3897
    51  0000                     _ANSELC	set	3898
    52  0000                     _ANSELD	set	3899
    53  0000                     _INTCONbits	set	4082
    54  0000                     _INTCON2bits	set	4081
    55  0000                     _WPUB	set	3937
    56  0000                     _TRISD	set	3989
    57  0000                     _TRISC	set	3988
    58  0000                     _TRISB	set	3987
    59  0000                     _TRISA	set	3986
    60  0000                     _TRISE	set	3990
    61  0000                     _LATC	set	3979
    62  0000                     _LATB	set	3978
    63  0000                     _LATA	set	3977
    64  0000                     _LATD	set	3980
    65  0000                     _LATE	set	3981
    66  0000                     _OSCTUNE	set	3995
    67  0000                     _OSCCON2	set	4050
    68  0000                     _OSCCON	set	4051
    69  0000                     _PLLRDY	set	32407
    70                           
    71                           ; #config settings
    72  0000                     
    73                           	psect	cinit
    74  007F9E                     __pcinit:
    75                           	opt stack 0
    76  007F9E                     start_initialization:
    77                           	opt stack 0
    78  007F9E                     __initialization:
    79                           	opt stack 0
    80  007F9E                     end_of_initialization:
    81                           	opt stack 0
    82  007F9E                     __end_of__initialization:
    83                           	opt stack 0
    84  007F9E  0100               	movlb	0
    85  007FA0  EFCC  F03F         	goto	_main	;jump to C main() function
    86                           
    87                           	psect	cstackCOMRAM
    88  000000                     __pcstackCOMRAM:
    89                           	opt stack 0
    90  000000                     
    91                           ; 1 bytes @ 0x0
    92 ;;
    93 ;;Main: autosize = 0, tempsize = 0, incstack = 0, save=0
    94 ;;
    95 ;; *************** function _main *****************
    96 ;; Defined at:
    97 ;;		line 49 in file "main.c"
    98 ;; Parameters:    Size  Location     Type
    99 ;;		None
   100 ;; Auto vars:     Size  Location     Type
   101 ;;		None
   102 ;; Return value:  Size  Location     Type
   103 ;;                  1    wreg      void 
   104 ;; Registers used:
   105 ;;		wreg, status,2, cstack
   106 ;; Tracked objects:
   107 ;;		On entry : 0/0
   108 ;;		On exit  : 0/0
   109 ;;		Unchanged: 0/0
   110 ;; Data sizes:     COMRAM   BANK0   BANK1   BANK2   BANK3   BANK4   BANK5
   111 ;;      Params:         0       0       0       0       0       0       0
   112 ;;      Locals:         0       0       0       0       0       0       0
   113 ;;      Temps:          0       0       0       0       0       0       0
   114 ;;      Totals:         0       0       0       0       0       0       0
   115 ;;Total ram usage:        0 bytes
   116 ;; Hardware stack levels required when called:    2
   117 ;; This function calls:
   118 ;;		_SYSTEM_Initialize
   119 ;; This function is called by:
   120 ;;		Startup code after reset
   121 ;; This function uses a non-reentrant model
   122 ;;
   123                           
   124                           	psect	text0
   125  007F98                     __ptext0:
   126                           	opt stack 0
   127  007F98                     _main:
   128                           	opt stack 29
   129                           
   130                           ;main.c: 52: SYSTEM_Initialize();
   131                           
   132                           ;incstack = 0
   133  007F98  ECD2  F03F         	call	_SYSTEM_Initialize	;wreg free
   134  007F9C                     l7:
   135                           
   136                           ;main.c: 71: {
   137  007F9C  D7FF               	goto	l7
   138  007F9E                     __end_of_main:
   139                           	opt stack 0
   140                           
   141 ;; *************** function _SYSTEM_Initialize *****************
   142 ;; Defined at:
   143 ;;		line 50 in file "mcc_generated_files/mcc.c"
   144 ;; Parameters:    Size  Location     Type
   145 ;;		None
   146 ;; Auto vars:     Size  Location     Type
   147 ;;		None
   148 ;; Return value:  Size  Location     Type
   149 ;;                  1    wreg      void 
   150 ;; Registers used:
   151 ;;		wreg, status,2, cstack
   152 ;; Tracked objects:
   153 ;;		On entry : 0/0
   154 ;;		On exit  : 0/0
   155 ;;		Unchanged: 0/0
   156 ;; Data sizes:     COMRAM   BANK0   BANK1   BANK2   BANK3   BANK4   BANK5
   157 ;;      Params:         0       0       0       0       0       0       0
   158 ;;      Locals:         0       0       0       0       0       0       0
   159 ;;      Temps:          0       0       0       0       0       0       0
   160 ;;      Totals:         0       0       0       0       0       0       0
   161 ;;Total ram usage:        0 bytes
   162 ;; Hardware stack levels used:    1
   163 ;; Hardware stack levels required when called:    1
   164 ;; This function calls:
   165 ;;		_OSCILLATOR_Initialize
   166 ;;		_PIN_MANAGER_Initialize
   167 ;; This function is called by:
   168 ;;		_main
   169 ;; This function uses a non-reentrant model
   170 ;;
   171                           
   172                           	psect	text1
   173  007FA4                     __ptext1:
   174                           	opt stack 0
   175  007FA4                     _SYSTEM_Initialize:
   176                           	opt stack 29
   177                           
   178                           ;mcc.c: 53: PIN_MANAGER_Initialize();
   179                           
   180                           ;incstack = 0
   181  007FA4  ECE0  F03F         	call	_PIN_MANAGER_Initialize	;wreg free
   182                           
   183                           ;mcc.c: 54: OSCILLATOR_Initialize();
   184  007FA8  ECD7  F03F         	call	_OSCILLATOR_Initialize	;wreg free
   185  007FAC  0012               	return		;funcret
   186  007FAE                     __end_of_SYSTEM_Initialize:
   187                           	opt stack 0
   188                           
   189 ;; *************** function _PIN_MANAGER_Initialize *****************
   190 ;; Defined at:
   191 ;;		line 55 in file "mcc_generated_files/pin_manager.c"
   192 ;; Parameters:    Size  Location     Type
   193 ;;		None
   194 ;; Auto vars:     Size  Location     Type
   195 ;;		None
   196 ;; Return value:  Size  Location     Type
   197 ;;                  1    wreg      void 
   198 ;; Registers used:
   199 ;;		wreg, status,2
   200 ;; Tracked objects:
   201 ;;		On entry : 0/0
   202 ;;		On exit  : 0/0
   203 ;;		Unchanged: 0/0
   204 ;; Data sizes:     COMRAM   BANK0   BANK1   BANK2   BANK3   BANK4   BANK5
   205 ;;      Params:         0       0       0       0       0       0       0
   206 ;;      Locals:         0       0       0       0       0       0       0
   207 ;;      Temps:          0       0       0       0       0       0       0
   208 ;;      Totals:         0       0       0       0       0       0       0
   209 ;;Total ram usage:        0 bytes
   210 ;; Hardware stack levels used:    1
   211 ;; This function calls:
   212 ;;		Nothing
   213 ;; This function is called by:
   214 ;;		_SYSTEM_Initialize
   215 ;; This function uses a non-reentrant model
   216 ;;
   217                           
   218                           	psect	text2
   219  007FC0                     __ptext2:
   220                           	opt stack 0
   221  007FC0                     _PIN_MANAGER_Initialize:
   222                           	opt stack 29
   223                           
   224                           ;pin_manager.c: 60: LATE = 0x00;
   225                           
   226                           ;incstack = 0
   227  007FC0  0E00               	movlw	0
   228  007FC2  6E8D               	movwf	3981,c	;volatile
   229                           
   230                           ;pin_manager.c: 61: LATD = 0x00;
   231  007FC4  0E00               	movlw	0
   232  007FC6  6E8C               	movwf	3980,c	;volatile
   233                           
   234                           ;pin_manager.c: 62: LATA = 0x00;
   235  007FC8  0E00               	movlw	0
   236  007FCA  6E89               	movwf	3977,c	;volatile
   237                           
   238                           ;pin_manager.c: 63: LATB = 0x00;
   239  007FCC  0E00               	movlw	0
   240  007FCE  6E8A               	movwf	3978,c	;volatile
   241                           
   242                           ;pin_manager.c: 64: LATC = 0x00;
   243  007FD0  0E00               	movlw	0
   244  007FD2  6E8B               	movwf	3979,c	;volatile
   245                           
   246                           ;pin_manager.c: 69: TRISE = 0x07;
   247  007FD4  0E07               	movlw	7
   248  007FD6  6E96               	movwf	3990,c	;volatile
   249                           
   250                           ;pin_manager.c: 70: TRISA = 0xFF;
   251  007FD8  6892               	setf	3986,c	;volatile
   252                           
   253                           ;pin_manager.c: 71: TRISB = 0xFF;
   254  007FDA  6893               	setf	3987,c	;volatile
   255                           
   256                           ;pin_manager.c: 72: TRISC = 0x71;
   257  007FDC  0E71               	movlw	113
   258  007FDE  6E94               	movwf	3988,c	;volatile
   259                           
   260                           ;pin_manager.c: 73: TRISD = 0xFA;
   261  007FE0  0EFA               	movlw	250
   262  007FE2  6E95               	movwf	3989,c	;volatile
   263                           
   264                           ;pin_manager.c: 78: ANSELD = 0xFF;
   265  007FE4  010F               	movlb	15	; () banked
   266  007FE6  693B               	setf	59,b	;volatile
   267                           
   268                           ;pin_manager.c: 79: ANSELC = 0xFC;
   269  007FE8  0EFC               	movlw	252
   270  007FEA  6F3A               	movwf	58,b	;volatile
   271                           
   272                           ;pin_manager.c: 80: ANSELB = 0x3F;
   273  007FEC  0E3F               	movlw	63
   274  007FEE  6F39               	movwf	57,b	;volatile
   275                           
   276                           ;pin_manager.c: 81: ANSELE = 0x07;
   277  007FF0  0E07               	movlw	7
   278  007FF2  6F3C               	movwf	60,b	;volatile
   279                           
   280                           ;pin_manager.c: 82: ANSELA = 0x2F;
   281  007FF4  0E2F               	movlw	47
   282  007FF6  6F38               	movwf	56,b	;volatile
   283                           
   284                           ;pin_manager.c: 87: WPUB = 0x00;
   285  007FF8  0E00               	movlw	0
   286  007FFA  6E61               	movwf	3937,c	;volatile
   287                           
   288                           ; BSR set to: 15
   289                           ;pin_manager.c: 88: INTCON2bits.nRBPU = 1;
   290  007FFC  8EF1               	bsf	intcon2,7,c	;volatile
   291                           
   292                           ; BSR set to: 15
   293  007FFE  0012               	return		;funcret
   294  008000                     __end_of_PIN_MANAGER_Initialize:
   295                           	opt stack 0
   296                           intcon2	equ	0xFF1
   297                           
   298 ;; *************** function _OSCILLATOR_Initialize *****************
   299 ;; Defined at:
   300 ;;		line 57 in file "mcc_generated_files/mcc.c"
   301 ;; Parameters:    Size  Location     Type
   302 ;;		None
   303 ;; Auto vars:     Size  Location     Type
   304 ;;		None
   305 ;; Return value:  Size  Location     Type
   306 ;;                  1    wreg      void 
   307 ;; Registers used:
   308 ;;		wreg, status,2
   309 ;; Tracked objects:
   310 ;;		On entry : 0/0
   311 ;;		On exit  : 0/0
   312 ;;		Unchanged: 0/0
   313 ;; Data sizes:     COMRAM   BANK0   BANK1   BANK2   BANK3   BANK4   BANK5
   314 ;;      Params:         0       0       0       0       0       0       0
   315 ;;      Locals:         0       0       0       0       0       0       0
   316 ;;      Temps:          0       0       0       0       0       0       0
   317 ;;      Totals:         0       0       0       0       0       0       0
   318 ;;Total ram usage:        0 bytes
   319 ;; Hardware stack levels used:    1
   320 ;; This function calls:
   321 ;;		Nothing
   322 ;; This function is called by:
   323 ;;		_SYSTEM_Initialize
   324 ;; This function uses a non-reentrant model
   325 ;;
   326                           
   327                           	psect	text3
   328  007FAE                     __ptext3:
   329                           	opt stack 0
   330  007FAE                     _OSCILLATOR_Initialize:
   331                           	opt stack 29
   332                           
   333                           ;mcc.c: 60: OSCCON = 0x70;
   334                           
   335                           ; BSR set to: 15
   336                           ;incstack = 0
   337  007FAE  0E70               	movlw	112
   338  007FB0  6ED3               	movwf	4051,c	;volatile
   339                           
   340                           ;mcc.c: 62: OSCCON2 = 0x04;
   341  007FB2  0E04               	movlw	4
   342  007FB4  6ED2               	movwf	4050,c	;volatile
   343                           
   344                           ;mcc.c: 64: OSCTUNE = 0x40;
   345  007FB6  0E40               	movlw	64
   346  007FB8  6E9B               	movwf	3995,c	;volatile
   347  007FBA                     
   348                           ;mcc.c: 67: {
   349  007FBA  BED2               	btfsc	4050,7,c	;volatile
   350  007FBC  0012               	return	
   351  007FBE  D7FD               	goto	l29
   352  007FC0                     __end_of_OSCILLATOR_Initialize:
   353                           	opt stack 0
   354  0000                     intcon2	equ	0xFF1
   355                           intcon2	equ	0xFF1
   356                           
   357                           	psect	rparam
   358  0000                     intcon2	equ	0xFF1


Data Sizes:
    Strings     0
    Constant    0
    Data        0
    BSS         0
    Persistent  0
    Stack       0

Auto Spaces:
    Space          Size  Autos    Used
    COMRAM           95      0       0
    BANK0           160      0       0
    BANK1           256      0       0
    BANK2           256      0       0
    BANK3           256      0       0
    BANK4           256      0       0
    BANK5           256      0       0

Pointer List with Targets:

    None.

Critical Paths under _main in COMRAM

    None.

Critical Paths under _main in BANK0

    None.

Critical Paths under _main in BANK1

    None.

Critical Paths under _main in BANK2

    None.

Critical Paths under _main in BANK3

    None.

Critical Paths under _main in BANK4

    None.

Critical Paths under _main in BANK5

    None.

Call Graph Tables:

 ---------------------------------------------------------------------------------
 (Depth) Function   	        Calls       Base Space   Used Autos Params    Refs
 ---------------------------------------------------------------------------------
 (0) _main                                                 0     0      0       0
                  _SYSTEM_Initialize
 ---------------------------------------------------------------------------------
 (1) _SYSTEM_Initialize                                    0     0      0       0
              _OSCILLATOR_Initialize
             _PIN_MANAGER_Initialize
 ---------------------------------------------------------------------------------
 (2) _PIN_MANAGER_Initialize                               0     0      0       0
 ---------------------------------------------------------------------------------
 (2) _OSCILLATOR_Initialize                                0     0      0       0
 ---------------------------------------------------------------------------------
 Estimated maximum stack depth 2
 ---------------------------------------------------------------------------------

 Call Graph Graphs:

 _main (ROOT)
   _SYSTEM_Initialize
     _OSCILLATOR_Initialize
     _PIN_MANAGER_Initialize

 Address spaces:
Name               Size   Autos  Total    Cost      Usage
BITCOMRAM           5F      0       0       0        0.0%
EEDATA             100      0       0       0        0.0%
NULL                 0      0       0       0        0.0%
CODE                 0      0       0       0        0.0%
COMRAM              5F      0       0       1        0.0%
STACK                0      0       0       2        0.0%
BITBANK0            A0      0       0       3        0.0%
BANK0               A0      0       0       4        0.0%
BITBANK1           100      0       0       5        0.0%
BANK1              100      0       0       6        0.0%
BITBANK2           100      0       0       7        0.0%
BANK2              100      0       0       8        0.0%
ABS                  0      0       0       9        0.0%
BITBANK3           100      0       0      10        0.0%
BANK3              100      0       0      11        0.0%
BITBANK4           100      0       0      12        0.0%
BANK4              100      0       0      13        0.0%
BITBANK5           100      0       0      14        0.0%
BANK5              100      0       0      15        0.0%
BIGRAM             5FF      0       0      16        0.0%
DATA                 0      0       0      17        0.0%
BITSFR_1             0      0       0     200        0.0%
SFR_1                0      0       0     200        0.0%
BITSFR               0      0       0     200        0.0%
SFR                  0      0       0     200        0.0%


Microchip Technology PIC18 Macro Assembler V1.44 build -154322312 
Symbol Table                                                                                   Tue Oct 29 11:26:25 2019

                              l7 7F9C                               l29 7FBA  
                   __CFG_CP0$OFF 000000                     __CFG_CP1$OFF 000000  
                   __CFG_CP2$OFF 000000                     __CFG_CP3$OFF 000000  
                    __CFG_LVP$ON 000000                     __CFG_CPB$OFF 000000  
                   __CFG_CPD$OFF 000000                             _LATA 000F89  
                           _LATB 000F8A                             _LATC 000F8B  
                           _LATD 000F8C                             _LATE 000F8D  
                           _WPUB 000F61                             _main 7F98  
                  __CFG_BORV$190 000000                             start 0000  
                  __CFG_IESO$OFF 000000                     ___param_bank 000000  
 __size_of_OSCILLATOR_Initialize 0012    __end_of_OSCILLATOR_Initialize 7FC0  
                          ?_main 0000                   __CFG_DEBUG$OFF 000000  
                          _TRISA 000F92                            _TRISB 000F93  
                          _TRISC 000F94                            _TRISD 000F95  
                          _TRISE 000F96                    __CFG_WRT0$OFF 000000  
                  __CFG_WRT1$OFF 000000                    __CFG_WRT2$OFF 000000  
                  __CFG_WRT3$OFF 000000                   __CFG_EBTR0$OFF 000000  
                 __CFG_FCMEN$OFF 000000                   __CFG_EBTR1$OFF 000000  
                 __CFG_EBTR2$OFF 000000                   __CFG_EBTR3$OFF 000000  
                  __CFG_WRTB$OFF 000000                    __CFG_WRTC$OFF 000000  
                  __CFG_WRTD$OFF 000000                   __CFG_EBTRB$OFF 000000  
             __CFG_MCLRE$EXTMCLR 000000                   __CFG_HFOFST$ON 000000  
                 __CFG_PBADEN$ON 000000                  __initialization 7F9E  
                   __end_of_main 7F9E                           ??_main 0000  
                  __activetblptr 000000                           _ANSELA 000F38  
                         _ANSELB 000F39                           _ANSELC 000F3A  
                         _ANSELD 000F3B                           _ANSELE 000F3C  
                 __CFG_WDTEN$OFF 000000                           _OSCCON 000FD3  
                         _PLLRDY 007E97                   __CFG_XINST$OFF 000000  
                 __CFG_STVREN$ON 000000                _SYSTEM_Initialize 7FA4  
                     __accesstop 0060          __end_of__initialization 7F9E  
             ?_SYSTEM_Initialize 0000                    ___rparam_used 000001  
                 __pcstackCOMRAM 0000              ??_SYSTEM_Initialize 0000  
      __end_of_SYSTEM_Initialize 7FAE                  __CFG_PLLCFG$OFF 000000  
             __CFG_CCP2MX$PORTC1 000000               __CFG_CCP3MX$PORTB5 000000  
                        _OSCCON2 000FD2                          _OSCTUNE 000F9B  
                __CFG_PWRTEN$OFF 000000                          __Hparam 0000  
                        __Lparam 0000                          __pcinit 7F9E  
                        __ramtop 0600                          __ptext0 7F98  
                        __ptext1 7FA4                          __ptext2 7FC0  
                        __ptext3 7FAE            _OSCILLATOR_Initialize 7FAE  
       ??_PIN_MANAGER_Initialize 0000       __size_of_SYSTEM_Initialize 000A  
           end_of_initialization 7F9E           ?_OSCILLATOR_Initialize 0000  
            start_initialization 7F9E  __size_of_PIN_MANAGER_Initialize 0040  
         _PIN_MANAGER_Initialize 7FC0                 __CFG_PRICLKEN$ON 000000  
               __CFG_WDTPS$32768 000000                      _INTCON2bits 000FF1  
                       __Hrparam 0000                         __Lrparam 0000  
             __CFG_BOREN$SBORDIS 000000                __CFG_P2BMX$PORTD2 000000  
        ??_OSCILLATOR_Initialize 0000                    __size_of_main 0006  
                     _INTCONbits 000FF2          ?_PIN_MANAGER_Initialize 0000  
              __CFG_T3CMX$PORTC0 000000   __end_of_PIN_MANAGER_Initialize 8000  
              __CFG_FOSC$INTIO67 000000  
